[ 2017-04-06T09:41:15+08:00 ] ::1 /favicon.ico
INFO: [ app_init ] --START--
INFO: Run Behavior\BuildLiteBehavior [ RunTime:0.000000s ]
INFO: [ app_init ] --END-- [ RunTime:0.001000s ]
ERR: 无法加载模块:Favicon

[ 2017-04-06T15:56:19+08:00 ] ::1 /index.php/News/images/error503.png
INFO: [ app_init ] --START--
INFO: Run Behavior\BuildLiteBehavior [ RunTime:0.000000s ]
INFO: [ app_init ] --END-- [ RunTime:0.000000s ]
ERR: 无法加载模块:News

[ 2017-04-06T15:56:26+08:00 ] ::1 /News/images/error503.png
INFO: [ app_init ] --START--
INFO: Run Behavior\BuildLiteBehavior [ RunTime:0.000000s ]
INFO: [ app_init ] --END-- [ RunTime:0.000000s ]
ERR: 无法加载模块:News

[ 2017-04-06T17:27:42+08:00 ] ::1 /kindeditor/php/upload_json.php?dir=image
INFO: [ app_init ] --START--
INFO: Run Behavior\BuildLiteBehavior [ RunTime:0.000000s ]
INFO: [ app_init ] --END-- [ RunTime:0.001000s ]
ERR: 无法加载模块:Kindeditor

[ 2017-04-06T17:27:59+08:00 ] ::1 /kindeditor/php/upload_json.php?dir=image
INFO: [ app_init ] --START--
INFO: Run Behavior\BuildLiteBehavior [ RunTime:0.000000s ]
INFO: [ app_init ] --END-- [ RunTime:0.001000s ]
ERR: 无法加载模块:Kindeditor

[ 2017-04-06T17:38:22+08:00 ] ::1 /kindeditor/php/upload_json.php?dir=image
INFO: [ app_init ] --START--
INFO: Run Behavior\BuildLiteBehavior [ RunTime:0.000000s ]
INFO: [ app_init ] --END-- [ RunTime:0.000000s ]
ERR: 无法加载模块:Kindeditor

[ 2017-04-06T17:39:26+08:00 ] ::1 /kindeditor/php/upload_json.php?dir=image
INFO: [ app_init ] --START--
INFO: Run Behavior\BuildLiteBehavior [ RunTime:0.000000s ]
INFO: [ app_init ] --END-- [ RunTime:0.001000s ]
ERR: 无法加载模块:Kindeditor

[ 2017-04-06T17:44:48+08:00 ] ::1 /kindeditor/php/upload_json.php?dir=image
INFO: [ app_init ] --START--
INFO: Run Behavior\BuildLiteBehavior [ RunTime:0.000000s ]
INFO: [ app_init ] --END-- [ RunTime:0.001000s ]
ERR: 无法加载模块:Kindeditor

[ 2017-04-06T17:44:57+08:00 ] ::1 /kindeditor/php/upload_json.php?dir=image
INFO: [ app_init ] --START--
INFO: Run Behavior\BuildLiteBehavior [ RunTime:0.000000s ]
INFO: [ app_init ] --END-- [ RunTime:0.001000s ]
ERR: 无法加载模块:Kindeditor

[ 2017-04-06T17:45:11+08:00 ] ::1 /kindeditor/php/upload_json.php?dir=image
INFO: [ app_init ] --START--
INFO: Run Behavior\BuildLiteBehavior [ RunTime:0.000000s ]
INFO: [ app_init ] --END-- [ RunTime:0.001000s ]
ERR: 无法加载模块:Kindeditor

[ 2017-04-06T17:51:52+08:00 ] ::1 /kindeditor/php/upload_json.php?dir=image
INFO: [ app_init ] --START--
INFO: Run Behavior\BuildLiteBehavior [ RunTime:0.000000s ]
INFO: [ app_init ] --END-- [ RunTime:0.000000s ]
ERR: 无法加载模块:Kindeditor

[ 2017-04-06T17:52:11+08:00 ] ::1 /kindeditor/php/upload_json.php?dir=image
INFO: [ app_init ] --START--
INFO: Run Behavior\BuildLiteBehavior [ RunTime:0.000000s ]
INFO: [ app_init ] --END-- [ RunTime:0.000000s ]
ERR: 无法加载模块:Kindeditor

[ 2017-04-06T18:17:20+08:00 ] ::1 /kindeditor/php/upload_json.php?dir=image
INFO: [ app_init ] --START--
INFO: Run Behavior\BuildLiteBehavior [ RunTime:0.000000s ]
INFO: [ app_init ] --END-- [ RunTime:0.001000s ]
ERR: 无法加载模块:Kindeditor

